<?xml version="1.0" encoding="UTF-8"?>
<!-- Generated by org.testng.reporters.JUnitReportReporter -->
<testsuite skipped="0" hostname="LAPTOP-GGRQII7R" name="com.testCases.AdminTestCase" tests="2" failures="0" timestamp="2020-08-28T11:33:05 PDT" time="6.446" errors="0">
  <testcase name="login" time="3.746" classname="com.testCases.AdminTestCase"/>
  <system-out/>
  <testcase name="adminClick" time="2.700" classname="com.testCases.AdminTestCase"/>
  <system-out/>
</testsuite> <!-- com.testCases.AdminTestCase -->
