<?xml version="1.0" encoding="UTF-8"?>
<!-- Generated by org.testng.reporters.JUnitReportReporter -->
<testsuite skipped="0" hostname="LAPTOP-GGRQII7R" name="com.testCases.LoginTestCase" tests="1" failures="0" timestamp="2020-08-28T11:11:03 PDT" time="2.757" errors="0">
  <testcase name="login" time="2.757" classname="com.testCases.LoginTestCase"/>
  <system-out/>
</testsuite> <!-- com.testCases.LoginTestCase -->
