<?xml version="1.0" encoding="UTF-8"?>
<!-- Generated by org.testng.reporters.JUnitReportReporter -->
<testsuite skipped="0" hostname="LAPTOP-GGRQII7R" name="com.testCases.DBLoginTestCase" tests="1" failures="0" timestamp="2020-09-10T11:54:57 PDT" time="1.093" errors="0">
  <testcase name="login" time="1.093" classname="com.testCases.DBLoginTestCase"/>
  <system-out/>
</testsuite> <!-- com.testCases.DBLoginTestCase -->
